[Tue May 28 2013 17:30:31 GMT+0800 (中国标准时间)]/reg
Error: An error for test purposes.
    at reg (E:\nodeProgram\microblog\microblog\routes\index.js:20:11)
    at callbacks (E:\nodeProgram\microblog\microblog\node_modules\express\lib\router\index.js:161:37)
    at param (E:\nodeProgram\microblog\microblog\node_modules\express\lib\router\index.js:135:11)
    at pass (E:\nodeProgram\microblog\microblog\node_modules\express\lib\router\index.js:142:5)
    at nextRoute (E:\nodeProgram\microblog\microblog\node_modules\express\lib\router\index.js:100:7)
    at callbacks (E:\nodeProgram\microblog\microblog\node_modules\express\lib\router\index.js:164:11)
    at checkNotLogin (E:\nodeProgram\microblog\microblog\app.js:75:5)
    at callbacks (E:\nodeProgram\microblog\microblog\node_modules\express\lib\router\index.js:161:37)
    at param (E:\nodeProgram\microblog\microblog\node_modules\express\lib\router\index.js:135:11)
    at pass (E:\nodeProgram\microblog\microblog\node_modules\express\lib\router\index.js:142:5)
[Tue May 28 2013 17:31:55 GMT+0800 (中国标准时间)]/reg
Error: An error for test purposes.
    at reg (E:\nodeProgram\microblog\microblog\routes\index.js:20:11)
    at callbacks (E:\nodeProgram\microblog\microblog\node_modules\express\lib\router\index.js:161:37)
    at param (E:\nodeProgram\microblog\microblog\node_modules\express\lib\router\index.js:135:11)
    at pass (E:\nodeProgram\microblog\microblog\node_modules\express\lib\router\index.js:142:5)
    at nextRoute (E:\nodeProgram\microblog\microblog\node_modules\express\lib\router\index.js:100:7)
    at callbacks (E:\nodeProgram\microblog\microblog\node_modules\express\lib\router\index.js:164:11)
    at checkNotLogin (E:\nodeProgram\microblog\microblog\app.js:73:5)
    at callbacks (E:\nodeProgram\microblog\microblog\node_modules\express\lib\router\index.js:161:37)
    at param (E:\nodeProgram\microblog\microblog\node_modules\express\lib\router\index.js:135:11)
    at pass (E:\nodeProgram\microblog\microblog\node_modules\express\lib\router\index.js:142:5)
[Tue May 28 2013 17:32:38 GMT+0800 (中国标准时间)]/reg
Error: An error for test purposes.
    at reg (E:\nodeProgram\microblog\microblog\routes\index.js:20:11)
    at callbacks (E:\nodeProgram\microblog\microblog\node_modules\express\lib\router\index.js:161:37)
    at param (E:\nodeProgram\microblog\microblog\node_modules\express\lib\router\index.js:135:11)
    at pass (E:\nodeProgram\microblog\microblog\node_modules\express\lib\router\index.js:142:5)
    at nextRoute (E:\nodeProgram\microblog\microblog\node_modules\express\lib\router\index.js:100:7)
    at callbacks (E:\nodeProgram\microblog\microblog\node_modules\express\lib\router\index.js:164:11)
    at checkNotLogin (E:\nodeProgram\microblog\microblog\app.js:72:5)
    at callbacks (E:\nodeProgram\microblog\microblog\node_modules\express\lib\router\index.js:161:37)
    at param (E:\nodeProgram\microblog\microblog\node_modules\express\lib\router\index.js:135:11)
    at pass (E:\nodeProgram\microblog\microblog\node_modules\express\lib\router\index.js:142:5)
[Tue May 28 2013 17:33:23 GMT+0800 (中国标准时间)]/reg
Error: An error for test purposes.
    at reg (E:\nodeProgram\microblog\microblog\routes\index.js:20:11)
    at callbacks (E:\nodeProgram\microblog\microblog\node_modules\express\lib\router\index.js:161:37)
    at param (E:\nodeProgram\microblog\microblog\node_modules\express\lib\router\index.js:135:11)
    at pass (E:\nodeProgram\microblog\microblog\node_modules\express\lib\router\index.js:142:5)
    at nextRoute (E:\nodeProgram\microblog\microblog\node_modules\express\lib\router\index.js:100:7)
    at callbacks (E:\nodeProgram\microblog\microblog\node_modules\express\lib\router\index.js:164:11)
    at checkNotLogin (E:\nodeProgram\microblog\microblog\app.js:74:5)
    at callbacks (E:\nodeProgram\microblog\microblog\node_modules\express\lib\router\index.js:161:37)
    at param (E:\nodeProgram\microblog\microblog\node_modules\express\lib\router\index.js:135:11)
    at pass (E:\nodeProgram\microblog\microblog\node_modules\express\lib\router\index.js:142:5)
[Tue May 28 2013 17:34:14 GMT+0800 (中国标准时间)]/reg
Error: An error for test purposes.
    at reg (E:\nodeProgram\microblog\microblog\routes\index.js:20:11)
    at callbacks (E:\nodeProgram\microblog\microblog\node_modules\express\lib\router\index.js:161:37)
    at param (E:\nodeProgram\microblog\microblog\node_modules\express\lib\router\index.js:135:11)
    at pass (E:\nodeProgram\microblog\microblog\node_modules\express\lib\router\index.js:142:5)
    at nextRoute (E:\nodeProgram\microblog\microblog\node_modules\express\lib\router\index.js:100:7)
    at callbacks (E:\nodeProgram\microblog\microblog\node_modules\express\lib\router\index.js:164:11)
    at checkNotLogin (E:\nodeProgram\microblog\microblog\app.js:72:5)
    at callbacks (E:\nodeProgram\microblog\microblog\node_modules\express\lib\router\index.js:161:37)
    at param (E:\nodeProgram\microblog\microblog\node_modules\express\lib\router\index.js:135:11)
    at pass (E:\nodeProgram\microblog\microblog\node_modules\express\lib\router\index.js:142:5)
